ERROR 2025-06-24 12:41:46,665 views 20336 20968 Error creating donation: Unsupported media type "application/json" in request.
ERROR 2025-06-24 12:43:05,653 views 20336 17028 Error creating donation: Unsupported media type "application/json" in request.
ERROR 2025-06-24 12:43:54,743 views 20336 3676 Error creating donation: Unsupported media type "application/json" in request.
INFO 2025-06-25 11:24:51,691 views 5512 24440 === CREATE DONATION REQUEST ===
INFO 2025-06-25 11:24:51,691 views 5512 24440 Campaign ID: 4
INFO 2025-06-25 11:24:51,691 views 5512 24440 Request data: {'amount': 25, 'donor_email': 'mhamed.bbh01@gmail.com', 'donor_name': 'jb', 'message': 'jhvuy', 'is_anonymous': False}
INFO 2025-06-25 11:24:52,758 views 5512 24440 Campaign found: I am growing an agriculture bussiness updated second time
ERROR 2025-06-25 11:24:52,759 views 5512 24440 Unexpected error in create_donation: name 'DonationCreateSerializer' is not defined
INFO 2025-06-25 11:28:04,479 views 22336 5860 === CREATE DONATION REQUEST ===
INFO 2025-06-25 11:28:04,480 views 22336 5860 Campaign ID: 4
INFO 2025-06-25 11:28:04,482 views 22336 5860 Request data: {}
INFO 2025-06-25 11:28:04,994 views 22336 5860 Campaign found: I am growing an agriculture bussiness updated second time
ERROR 2025-06-25 11:28:04,995 views 22336 5860 Invalid request data: {'amount': [ErrorDetail(string='This field is required.', code='required')]}
INFO 2025-06-25 11:31:44,334 views 22336 5860 === CREATE DONATION REQUEST ===
INFO 2025-06-25 11:31:44,335 views 22336 5860 Campaign ID: 4
INFO 2025-06-25 11:31:44,335 views 22336 5860 Request data: {'amount': 25, 'donor_email': 'mhamed.bbh01@gmail.com', 'donor_name': 'jb', 'message': 'jhvuy', 'is_anonymous': False}
INFO 2025-06-25 11:31:44,637 views 22336 5860 Campaign found: I am growing an agriculture bussiness updated second time
INFO 2025-06-25 11:31:44,644 views 22336 5860 Validated data: {'amount': Decimal('25.00'), 'donor_email': 'mhamed.bbh01@gmail.com', 'donor_name': 'jb', 'message': 'jhvuy', 'is_anonymous': False}
INFO 2025-06-25 11:31:46,820 views 22336 5860 Created donation record: 1
INFO 2025-06-25 11:31:46,821 payment_service 22336 5860 Creating donation session for campaign 4, amount: 25.0
ERROR 2025-06-25 11:31:57,306 payment_service 22336 5860 Microservice returned error: NextRemitly error: 401
ERROR 2025-06-25 11:31:57,438 views 22336 5860 Payment session creation failed: NextRemitly error: 401
INFO 2025-06-25 11:33:56,223 views 22336 5860 === CREATE DONATION REQUEST ===
INFO 2025-06-25 11:33:56,224 views 22336 5860 Campaign ID: 4
INFO 2025-06-25 11:33:56,225 views 22336 5860 Request data: {'amount': 25, 'donor_email': 'mhamed.bbh01@gmail.com', 'donor_name': 'jb', 'message': 'jhvuy', 'is_anonymous': False}
INFO 2025-06-25 11:33:56,430 views 22336 5860 Campaign found: I am growing an agriculture bussiness updated second time
INFO 2025-06-25 11:33:56,432 views 22336 5860 Validated data: {'amount': Decimal('25.00'), 'donor_email': 'mhamed.bbh01@gmail.com', 'donor_name': 'jb', 'message': 'jhvuy', 'is_anonymous': False}
INFO 2025-06-25 11:33:58,592 views 22336 5860 Created donation record: 2
INFO 2025-06-25 11:33:58,593 payment_service 22336 5860 Creating donation session for campaign 4, amount: 25.0
ERROR 2025-06-25 11:34:08,982 payment_service 22336 5860 Microservice returned error: NextRemitly error: 401
ERROR 2025-06-25 11:34:09,125 views 22336 5860 Payment session creation failed: NextRemitly error: 401
INFO 2025-06-25 11:37:42,624 views 22336 5860 === CREATE DONATION REQUEST ===
INFO 2025-06-25 11:37:42,625 views 22336 5860 Campaign ID: 4
INFO 2025-06-25 11:37:42,626 views 22336 5860 Request data: {'amount': 25, 'donor_email': 'mhamed.bbh01@gmail.com', 'donor_name': 'jb', 'message': 'jhvuy', 'is_anonymous': False}
INFO 2025-06-25 11:37:42,951 views 22336 5860 Campaign found: I am growing an agriculture bussiness updated second time
INFO 2025-06-25 11:37:42,952 views 22336 5860 Validated data: {'amount': Decimal('25.00'), 'donor_email': 'mhamed.bbh01@gmail.com', 'donor_name': 'jb', 'message': 'jhvuy', 'is_anonymous': False}
INFO 2025-06-25 11:37:45,097 views 22336 5860 Created donation record: 3
INFO 2025-06-25 11:37:45,101 payment_service 22336 5860 Creating donation session for campaign 4, amount: 25.0
ERROR 2025-06-25 11:37:55,453 payment_service 22336 5860 Microservice returned error: NextRemitly error: 401
ERROR 2025-06-25 11:37:55,530 views 22336 5860 Payment session creation failed: NextRemitly error: 401
INFO 2025-06-25 11:39:03,932 views 21404 21156 === CREATE DONATION REQUEST ===
INFO 2025-06-25 11:39:03,933 views 21404 21156 Campaign ID: 4
INFO 2025-06-25 11:39:03,935 views 21404 21156 Request data: {'amount': 25, 'donor_email': 'mhamed.bbh01@gmail.com', 'donor_name': 'jb', 'message': 'jhvuy', 'is_anonymous': False}
INFO 2025-06-25 11:39:04,238 views 21404 21156 Campaign found: I am growing an agriculture bussiness updated second time
INFO 2025-06-25 11:39:04,245 views 21404 21156 Validated data: {'amount': Decimal('25.00'), 'donor_email': 'mhamed.bbh01@gmail.com', 'donor_name': 'jb', 'message': 'jhvuy', 'is_anonymous': False}
INFO 2025-06-25 11:39:06,797 views 21404 21156 Created donation record: 4
INFO 2025-06-25 11:39:06,802 payment_service 21404 21156 Creating donation session for campaign 4, amount: 25.0
ERROR 2025-06-25 11:39:17,187 payment_service 21404 21156 Microservice returned error: NextRemitly error: 401
ERROR 2025-06-25 11:39:17,345 views 21404 21156 Payment session creation failed: NextRemitly error: 401
INFO 2025-06-25 11:42:11,628 views 21404 7780 === CREATE DONATION REQUEST ===
INFO 2025-06-25 11:42:11,629 views 21404 7780 Campaign ID: 4
INFO 2025-06-25 11:42:11,630 views 21404 7780 Request data: {'amount': 25, 'donor_email': 'anonymous@sada9a.com', 'donor_name': '', 'message': '', 'is_anonymous': False}
INFO 2025-06-25 11:42:12,003 views 21404 7780 Campaign found: I am growing an agriculture bussiness updated second time
INFO 2025-06-25 11:42:12,005 views 21404 7780 Validated data: {'amount': Decimal('25.00'), 'donor_email': 'anonymous@sada9a.com', 'donor_name': '', 'message': '', 'is_anonymous': False}
INFO 2025-06-25 11:42:14,188 views 21404 7780 Created donation record: 5
INFO 2025-06-25 11:42:14,189 payment_service 21404 7780 Creating donation session for campaign 4, amount: 25.0
INFO 2025-06-25 11:42:24,700 payment_service 21404 7780 Donation session created successfully: 97846966-2278-4a1d-8392-e67447535e51
INFO 2025-06-25 11:42:24,837 views 21404 7780 Payment session created successfully: 97846966-2278-4a1d-8392-e67447535e51
INFO 2025-06-25 11:56:08,849 views 21404 2848 === CREATE DONATION REQUEST ===
INFO 2025-06-25 11:56:08,850 views 21404 2848 Campaign ID: 4
INFO 2025-06-25 11:56:08,852 views 21404 2848 Request data: {'amount': 25, 'donor_email': 'anonymous@sada9a.com', 'donor_name': '', 'message': '', 'is_anonymous': False}
INFO 2025-06-25 11:56:09,155 views 21404 2848 Campaign found: I am growing an agriculture bussiness updated second time
INFO 2025-06-25 11:56:09,156 views 21404 2848 Validated data: {'amount': Decimal('25.00'), 'donor_email': 'anonymous@sada9a.com', 'donor_name': '', 'message': '', 'is_anonymous': False}
INFO 2025-06-25 11:56:11,405 views 21404 2848 Created donation record: 6
INFO 2025-06-25 11:56:11,406 payment_service 21404 2848 Creating donation session for campaign 4, amount: 25.0
INFO 2025-06-25 11:56:21,736 payment_service 21404 2848 Donation session created successfully: 355caa71-8135-4627-90ff-c607bda90ab1
INFO 2025-06-25 11:56:21,953 views 21404 2848 Payment session created successfully: 355caa71-8135-4627-90ff-c607bda90ab1
INFO 2025-06-25 11:59:08,407 views 21404 2848 === CREATE DONATION REQUEST ===
INFO 2025-06-25 11:59:08,407 views 21404 2848 Campaign ID: 4
INFO 2025-06-25 11:59:08,408 views 21404 2848 Request data: {'amount': 25, 'donor_email': 'anonymous@sada9a.com', 'donor_name': '', 'message': '', 'is_anonymous': False}
INFO 2025-06-25 11:59:08,618 views 21404 2848 Campaign found: I am growing an agriculture bussiness updated second time
INFO 2025-06-25 11:59:08,620 views 21404 2848 Validated data: {'amount': Decimal('25.00'), 'donor_email': 'anonymous@sada9a.com', 'donor_name': '', 'message': '', 'is_anonymous': False}
INFO 2025-06-25 11:59:10,914 views 21404 2848 Created donation record: 7
INFO 2025-06-25 11:59:10,915 payment_service 21404 2848 Creating donation session for campaign 4, amount: 25.0
INFO 2025-06-25 11:59:21,357 payment_service 21404 2848 Donation session created successfully: 1ae8b8ab-41f8-47cb-b79e-cd92c840386b
INFO 2025-06-25 11:59:21,565 views 21404 2848 Payment session created successfully: 1ae8b8ab-41f8-47cb-b79e-cd92c840386b
INFO 2025-06-25 12:00:27,611 views 21404 2848 === CREATE DONATION REQUEST ===
INFO 2025-06-25 12:00:27,612 views 21404 2848 Campaign ID: 4
INFO 2025-06-25 12:00:27,613 views 21404 2848 Request data: {'amount': 25, 'donor_email': 'anonymous@sada9a.com', 'donor_name': 'mdvbdsiuv', 'message': 'kxcj bxf', 'is_anonymous': False}
INFO 2025-06-25 12:00:28,123 views 21404 2848 Campaign found: I am growing an agriculture bussiness updated second time
INFO 2025-06-25 12:00:28,124 views 21404 2848 Validated data: {'amount': Decimal('25.00'), 'donor_email': 'anonymous@sada9a.com', 'donor_name': 'mdvbdsiuv', 'message': 'kxcj bxf', 'is_anonymous': False}
INFO 2025-06-25 12:00:30,281 views 21404 2848 Created donation record: 8
INFO 2025-06-25 12:00:30,282 payment_service 21404 2848 Creating donation session for campaign 4, amount: 25.0
INFO 2025-06-25 12:00:40,834 payment_service 21404 2848 Donation session created successfully: a589109e-1900-41d2-8367-1103d9abfbf1
INFO 2025-06-25 12:00:40,916 views 21404 2848 Payment session created successfully: a589109e-1900-41d2-8367-1103d9abfbf1
INFO 2025-06-25 12:01:26,693 views 21404 2848 === CREATE DONATION REQUEST ===
INFO 2025-06-25 12:01:26,694 views 21404 2848 Campaign ID: 4
INFO 2025-06-25 12:01:26,695 views 21404 2848 Request data: {'amount': 250, 'donor_email': 'anonymous@sada9a.com', 'donor_name': 'mdvbdsiuv', 'message': 'kxcj bxf', 'is_anonymous': False}
INFO 2025-06-25 12:01:27,004 views 21404 2848 Campaign found: I am growing an agriculture bussiness updated second time
INFO 2025-06-25 12:01:27,007 views 21404 2848 Validated data: {'amount': Decimal('250.00'), 'donor_email': 'anonymous@sada9a.com', 'donor_name': 'mdvbdsiuv', 'message': 'kxcj bxf', 'is_anonymous': False}
INFO 2025-06-25 12:01:29,142 views 21404 2848 Created donation record: 9
INFO 2025-06-25 12:01:29,142 payment_service 21404 2848 Creating donation session for campaign 4, amount: 250.0
INFO 2025-06-25 12:01:39,614 payment_service 21404 2848 Donation session created successfully: 8ce83eb1-527b-4776-9194-2b7ee75fc138
INFO 2025-06-25 12:01:39,723 views 21404 2848 Payment session created successfully: 8ce83eb1-527b-4776-9194-2b7ee75fc138
INFO 2025-06-25 12:03:06,020 views 21404 2848 === CREATE DONATION REQUEST ===
INFO 2025-06-25 12:03:06,021 views 21404 2848 Campaign ID: 4
INFO 2025-06-25 12:03:06,022 views 21404 2848 Request data: {'amount': 250, 'donor_email': 'anonymous@sada9a.com', 'donor_name': 'mdvbdsiuv', 'message': 'kxcj bxf', 'is_anonymous': False}
INFO 2025-06-25 12:03:06,327 views 21404 2848 Campaign found: I am growing an agriculture bussiness updated second time
INFO 2025-06-25 12:03:06,328 views 21404 2848 Validated data: {'amount': Decimal('250.00'), 'donor_email': 'anonymous@sada9a.com', 'donor_name': 'mdvbdsiuv', 'message': 'kxcj bxf', 'is_anonymous': False}
INFO 2025-06-25 12:03:08,581 views 21404 2848 Created donation record: 10
INFO 2025-06-25 12:03:08,582 payment_service 21404 2848 Creating donation session for campaign 4, amount: 250.0
INFO 2025-06-25 12:03:19,060 payment_service 21404 2848 Donation session created successfully: c4395059-dc27-43c2-8310-3dc75cc4af22
INFO 2025-06-25 12:03:19,230 views 21404 2848 Payment session created successfully: c4395059-dc27-43c2-8310-3dc75cc4af22
INFO 2025-06-25 12:05:50,949 views 21404 21232 === CREATE DONATION REQUEST ===
INFO 2025-06-25 12:05:50,950 views 21404 21232 Campaign ID: 4
INFO 2025-06-25 12:05:50,952 views 21404 21232 Request data: {'amount': 25, 'donor_email': 'anonymous@sada9a.com', 'donor_name': '', 'message': '', 'is_anonymous': False}
INFO 2025-06-25 12:05:51,123 views 21404 21232 Campaign found: I am growing an agriculture bussiness updated second time
INFO 2025-06-25 12:05:51,125 views 21404 21232 Validated data: {'amount': Decimal('25.00'), 'donor_email': 'anonymous@sada9a.com', 'donor_name': '', 'message': '', 'is_anonymous': False}
INFO 2025-06-25 12:05:53,344 views 21404 21232 Created donation record: 11
INFO 2025-06-25 12:05:53,345 payment_service 21404 21232 Creating donation session for campaign 4, amount: 25.0
INFO 2025-06-25 12:06:03,891 payment_service 21404 21232 Donation session created successfully: db493086-36a6-4a5d-97b7-c9a5fdfba696
INFO 2025-06-25 12:06:04,097 views 21404 21232 Payment session created successfully: db493086-36a6-4a5d-97b7-c9a5fdfba696
INFO 2025-06-25 12:06:45,883 views 21404 2848 === CREATE DONATION REQUEST ===
INFO 2025-06-25 12:06:45,884 views 21404 2848 Campaign ID: 4
INFO 2025-06-25 12:06:45,885 views 21404 2848 Request data: {'amount': 25, 'donor_email': 'anonymous@sada9a.com', 'donor_name': '', 'message': '', 'is_anonymous': False}
INFO 2025-06-25 12:06:46,056 views 21404 2848 Campaign found: I am growing an agriculture bussiness updated second time
INFO 2025-06-25 12:06:46,057 views 21404 2848 Validated data: {'amount': Decimal('25.00'), 'donor_email': 'anonymous@sada9a.com', 'donor_name': '', 'message': '', 'is_anonymous': False}
INFO 2025-06-25 12:06:48,331 views 21404 2848 Created donation record: 12
INFO 2025-06-25 12:06:48,332 payment_service 21404 2848 Creating donation session for campaign 4, amount: 25.0
INFO 2025-06-25 12:06:58,692 payment_service 21404 2848 Donation session created successfully: 47d11d69-c3d7-418b-9fae-31d8d508b6d2
INFO 2025-06-25 12:06:58,877 views 21404 2848 Payment session created successfully: 47d11d69-c3d7-418b-9fae-31d8d508b6d2
INFO 2025-06-25 12:07:57,755 views 21404 21232 === CREATE DONATION REQUEST ===
INFO 2025-06-25 12:07:57,756 views 21404 21232 Campaign ID: 4
INFO 2025-06-25 12:07:57,757 views 21404 21232 Request data: {'amount': 25, 'donor_email': 'anonymous@sada9a.com', 'donor_name': '', 'message': '', 'is_anonymous': False}
INFO 2025-06-25 12:07:58,067 views 21404 21232 Campaign found: I am growing an agriculture bussiness updated second time
INFO 2025-06-25 12:07:58,069 views 21404 21232 Validated data: {'amount': Decimal('25.00'), 'donor_email': 'anonymous@sada9a.com', 'donor_name': '', 'message': '', 'is_anonymous': False}
INFO 2025-06-25 12:08:00,320 views 21404 21232 Created donation record: 13
INFO 2025-06-25 12:08:00,321 payment_service 21404 21232 Creating donation session for campaign 4, amount: 25.0
INFO 2025-06-25 12:08:10,750 payment_service 21404 21232 Donation session created successfully: 77bcc2d7-d109-43bd-bca8-913326772eac
INFO 2025-06-25 12:08:10,969 views 21404 21232 Payment session created successfully: 77bcc2d7-d109-43bd-bca8-913326772eac
INFO 2025-06-25 12:09:26,945 views 21404 2848 === CREATE DONATION REQUEST ===
INFO 2025-06-25 12:09:26,947 views 21404 2848 Campaign ID: 4
INFO 2025-06-25 12:09:26,948 views 21404 2848 Request data: {'amount': 25, 'donor_email': 'anonymous@sada9a.com', 'donor_name': '', 'message': '', 'is_anonymous': False}
INFO 2025-06-25 12:09:27,257 views 21404 2848 Campaign found: I am growing an agriculture bussiness updated second time
INFO 2025-06-25 12:09:27,258 views 21404 2848 Validated data: {'amount': Decimal('25.00'), 'donor_email': 'anonymous@sada9a.com', 'donor_name': '', 'message': '', 'is_anonymous': False}
INFO 2025-06-25 12:09:29,509 views 21404 2848 Created donation record: 14
INFO 2025-06-25 12:09:29,510 payment_service 21404 2848 Creating donation session for campaign 4, amount: 25.0
INFO 2025-06-25 12:09:39,836 payment_service 21404 2848 Donation session created successfully: e2cee005-6fd7-4ff8-be6a-6df0af00f590
INFO 2025-06-25 12:09:39,924 views 21404 2848 Payment session created successfully: e2cee005-6fd7-4ff8-be6a-6df0af00f590
INFO 2025-06-25 12:27:01,663 views 17792 19488 === CREATE DONATION REQUEST ===
INFO 2025-06-25 12:27:01,664 views 17792 19488 Campaign ID: 4
INFO 2025-06-25 12:27:01,665 views 17792 19488 Request data: {'amount': 25, 'donor_email': 'anonymous@sada9a.com', 'donor_name': '', 'message': '', 'is_anonymous': False}
INFO 2025-06-25 12:27:01,967 views 17792 19488 Campaign found: I am growing an agriculture bussiness updated second time
INFO 2025-06-25 12:27:01,971 views 17792 19488 Validated data: {'amount': Decimal('25.00'), 'donor_email': 'anonymous@sada9a.com', 'donor_name': '', 'message': '', 'is_anonymous': False}
INFO 2025-06-25 12:27:04,219 views 17792 19488 Created donation record: 15
INFO 2025-06-25 12:27:04,220 payment_service 17792 19488 Creating donation session for campaign 4, amount: 25.0
INFO 2025-06-25 12:27:14,476 payment_service 17792 19488 Donation session created successfully: fbe49e09-b5ed-418d-9a76-cc621666c89e
INFO 2025-06-25 12:27:14,663 views 17792 19488 Payment session created successfully: fbe49e09-b5ed-418d-9a76-cc621666c89e
INFO 2025-06-25 12:43:06,057 views 19128 17292 === CREATE DONATION REQUEST ===
INFO 2025-06-25 12:43:06,059 views 19128 17292 Campaign ID: 4
INFO 2025-06-25 12:43:06,060 views 19128 17292 Request data: {'amount': 2500, 'donor_email': 'anonymous@sada9a.com', 'donor_name': '', 'message': '', 'is_anonymous': False}
INFO 2025-06-25 12:43:06,423 views 19128 17292 Campaign found: I am growing an agriculture bussiness updated second time
INFO 2025-06-25 12:43:06,430 views 19128 17292 Validated data: {'amount': Decimal('2500.00'), 'donor_email': 'anonymous@sada9a.com', 'donor_name': '', 'message': '', 'is_anonymous': False}
INFO 2025-06-25 12:43:08,721 views 19128 17292 Created donation record: 16
INFO 2025-06-25 12:43:08,722 payment_service 19128 17292 Creating donation session for campaign 4, amount: 2500.0
INFO 2025-06-25 12:43:19,087 payment_service 19128 17292 Donation session created successfully: b41f9ea1-3b96-437b-aec4-0596dc31ea19
INFO 2025-06-25 12:43:19,268 views 19128 17292 Payment session created successfully: b41f9ea1-3b96-437b-aec4-0596dc31ea19
INFO 2025-06-25 12:47:20,623 views 19128 17292 === CREATE DONATION REQUEST ===
INFO 2025-06-25 12:47:20,624 views 19128 17292 Campaign ID: 4
INFO 2025-06-25 12:47:20,625 views 19128 17292 Request data: {'amount': 2500, 'donor_email': 'anonymous@sada9a.com', 'donor_name': '', 'message': '', 'is_anonymous': False}
INFO 2025-06-25 12:47:20,797 views 19128 17292 Campaign found: I am growing an agriculture bussiness updated second time
INFO 2025-06-25 12:47:20,799 views 19128 17292 Validated data: {'amount': Decimal('2500.00'), 'donor_email': 'anonymous@sada9a.com', 'donor_name': '', 'message': '', 'is_anonymous': False}
INFO 2025-06-25 12:47:22,938 views 19128 17292 Created donation record: 17
INFO 2025-06-25 12:47:22,939 payment_service 19128 17292 Creating donation session for campaign 4, amount: 2500.0
INFO 2025-06-25 12:47:33,294 payment_service 19128 17292 Donation session created successfully: 6b450773-0530-4969-9e60-de9e950d3059
INFO 2025-06-25 12:47:33,421 views 19128 17292 Payment session created successfully: 6b450773-0530-4969-9e60-de9e950d3059
INFO 2025-06-25 12:49:26,366 views 19128 20584 === CREATE DONATION REQUEST ===
INFO 2025-06-25 12:49:26,367 views 19128 20584 Campaign ID: 4
INFO 2025-06-25 12:49:26,368 views 19128 20584 Request data: {'amount': 25, 'donor_email': 'anonymous@sada9a.com', 'donor_name': '', 'message': '', 'is_anonymous': False}
INFO 2025-06-25 12:49:26,775 views 19128 20584 Campaign found: I am growing an agriculture bussiness updated second time
INFO 2025-06-25 12:49:26,776 views 19128 20584 Validated data: {'amount': Decimal('25.00'), 'donor_email': 'anonymous@sada9a.com', 'donor_name': '', 'message': '', 'is_anonymous': False}
INFO 2025-06-25 12:49:29,029 views 19128 20584 Created donation record: 18
INFO 2025-06-25 12:49:29,033 payment_service 19128 20584 Creating donation session for campaign 4, amount: 25.0
INFO 2025-06-25 12:49:39,399 payment_service 19128 20584 Donation session created successfully: 40fa4917-dae4-49a2-afcc-67f92021e468
INFO 2025-06-25 12:49:39,587 views 19128 20584 Payment session created successfully: 40fa4917-dae4-49a2-afcc-67f92021e468
INFO 2025-06-25 12:49:59,341 views 19128 20584 === CREATE DONATION REQUEST ===
INFO 2025-06-25 12:49:59,342 views 19128 20584 Campaign ID: 4
INFO 2025-06-25 12:49:59,343 views 19128 20584 Request data: {'amount': 25, 'donor_email': 'anonymous@sada9a.com', 'donor_name': '', 'message': '', 'is_anonymous': False}
INFO 2025-06-25 12:49:59,751 views 19128 20584 Campaign found: I am growing an agriculture bussiness updated second time
INFO 2025-06-25 12:49:59,752 views 19128 20584 Validated data: {'amount': Decimal('25.00'), 'donor_email': 'anonymous@sada9a.com', 'donor_name': '', 'message': '', 'is_anonymous': False}
INFO 2025-06-25 12:50:02,002 views 19128 20584 Created donation record: 19
INFO 2025-06-25 12:50:02,003 payment_service 19128 20584 Creating donation session for campaign 4, amount: 25.0
INFO 2025-06-25 12:50:12,668 payment_service 19128 20584 Donation session created successfully: c756278d-a728-4e48-bc29-15520d843720
INFO 2025-06-25 12:50:12,853 views 19128 20584 Payment session created successfully: c756278d-a728-4e48-bc29-15520d843720
INFO 2025-06-25 12:51:05,284 views 19128 8680 === CREATE DONATION REQUEST ===
INFO 2025-06-25 12:51:05,285 views 19128 8680 Campaign ID: 4
INFO 2025-06-25 12:51:05,286 views 19128 8680 Request data: {'amount': 25, 'donor_email': 'anonymous@sada9a.com', 'donor_name': 'mdvbdsiuv', 'message': '', 'is_anonymous': False}
INFO 2025-06-25 12:51:05,488 views 19128 8680 Campaign found: I am growing an agriculture bussiness updated second time
INFO 2025-06-25 12:51:05,489 views 19128 8680 Validated data: {'amount': Decimal('25.00'), 'donor_email': 'anonymous@sada9a.com', 'donor_name': 'mdvbdsiuv', 'message': '', 'is_anonymous': False}
INFO 2025-06-25 12:51:07,744 views 19128 8680 Created donation record: 20
INFO 2025-06-25 12:51:07,745 payment_service 19128 8680 Creating donation session for campaign 4, amount: 25.0
INFO 2025-06-25 12:51:18,204 payment_service 19128 8680 Donation session created successfully: df335b70-a5a9-44c8-82c2-53a381ad6bcc
INFO 2025-06-25 12:51:18,393 views 19128 8680 Payment session created successfully: df335b70-a5a9-44c8-82c2-53a381ad6bcc
INFO 2025-06-25 12:52:22,799 views 19128 20584 === CREATE DONATION REQUEST ===
INFO 2025-06-25 12:52:22,802 views 19128 20584 Campaign ID: 4
INFO 2025-06-25 12:52:22,802 views 19128 20584 Request data: {'amount': 25, 'donor_email': 'test@gmail;.com', 'donor_name': 'mdvbdsiuv', 'message': 'oiojoiop', 'is_anonymous': False}
INFO 2025-06-25 12:52:23,212 views 19128 20584 Campaign found: I am growing an agriculture bussiness updated second time
ERROR 2025-06-25 12:52:23,214 views 19128 20584 Invalid request data: {'donor_email': [ErrorDetail(string='Enter a valid email address.', code='invalid')]}
INFO 2025-06-25 12:52:36,932 views 19128 20584 === CREATE DONATION REQUEST ===
INFO 2025-06-25 12:52:36,932 views 19128 20584 Campaign ID: 4
INFO 2025-06-25 12:52:36,933 views 19128 20584 Request data: {'amount': 25, 'donor_email': 'test@gmail..com', 'donor_name': 'mdvbdsiuv', 'message': 'oiojoiop', 'is_anonymous': False}
INFO 2025-06-25 12:52:37,242 views 19128 20584 Campaign found: I am growing an agriculture bussiness updated second time
ERROR 2025-06-25 12:52:37,244 views 19128 20584 Invalid request data: {'donor_email': [ErrorDetail(string='Enter a valid email address.', code='invalid')]}
INFO 2025-06-25 12:55:11,861 views 5240 5056 === CREATE DONATION REQUEST ===
INFO 2025-06-25 12:55:11,862 views 5240 5056 Campaign ID: 4
INFO 2025-06-25 12:55:11,863 views 5240 5056 Request data: {'amount': 25, 'donor_email': 'anonymous@sada9a.com', 'donor_name': '', 'message': '', 'is_anonymous': False}
INFO 2025-06-25 12:55:12,170 views 5240 5056 Campaign found: I am growing an agriculture bussiness updated second time
INFO 2025-06-25 12:55:12,175 views 5240 5056 Validated data: {'amount': Decimal('25.00'), 'donor_email': 'anonymous@sada9a.com', 'donor_name': '', 'message': '', 'is_anonymous': False}
INFO 2025-06-25 12:55:14,329 views 5240 5056 Created donation record: 21
INFO 2025-06-25 12:55:14,329 payment_service 5240 5056 Creating donation session for campaign 4, amount: 25.0
INFO 2025-06-25 12:55:24,513 payment_service 5240 5056 Donation session created successfully: 8226e98a-30e4-490d-945b-2eb906e651c9
INFO 2025-06-25 12:55:24,659 views 5240 5056 Payment session created successfully: 8226e98a-30e4-490d-945b-2eb906e651c9
INFO 2025-06-25 12:56:43,715 views 5240 11600 === CREATE DONATION REQUEST ===
INFO 2025-06-25 12:56:43,716 views 5240 11600 Campaign ID: 4
INFO 2025-06-25 12:56:43,718 views 5240 11600 Request data: {'amount': 25000, 'donor_email': 'anonymous@sada9a.com', 'donor_name': '', 'message': '', 'is_anonymous': True}
INFO 2025-06-25 12:56:44,003 views 5240 11600 Campaign found: I am growing an agriculture bussiness updated second time
INFO 2025-06-25 12:56:44,006 views 5240 11600 Validated data: {'amount': Decimal('25000.00'), 'donor_email': 'anonymous@sada9a.com', 'donor_name': '', 'message': '', 'is_anonymous': True}
INFO 2025-06-25 12:56:46,277 views 5240 11600 Created donation record: 22
INFO 2025-06-25 12:56:46,278 payment_service 5240 11600 Creating donation session for campaign 4, amount: 25000.0
INFO 2025-06-25 12:56:56,493 payment_service 5240 11600 Donation session created successfully: 53056f6a-bfc1-4e66-92f1-eeb5c27588fc
INFO 2025-06-25 12:56:56,617 views 5240 11600 Payment session created successfully: 53056f6a-bfc1-4e66-92f1-eeb5c27588fc
INFO 2025-06-25 16:17:58,373 views 5240 12348 === CREATE DONATION REQUEST ===
INFO 2025-06-25 16:17:58,375 views 5240 12348 Campaign ID: 4
INFO 2025-06-25 16:17:58,377 views 5240 12348 Request data: {'amount': 500, 'donor_email': 'anonymous@sada9a.com', 'donor_name': 'mdvbdsiuv', 'message': '', 'is_anonymous': False}
INFO 2025-06-25 16:17:58,782 views 5240 12348 Campaign found: I am growing an agriculture bussiness updated second time
INFO 2025-06-25 16:17:58,786 views 5240 12348 Validated data: {'amount': Decimal('500.00'), 'donor_email': 'anonymous@sada9a.com', 'donor_name': 'mdvbdsiuv', 'message': '', 'is_anonymous': False}
INFO 2025-06-25 16:18:01,036 views 5240 12348 Created donation record: 23
INFO 2025-06-25 16:18:01,037 payment_service 5240 12348 Creating donation session for campaign 4, amount: 500.0
ERROR 2025-06-25 16:18:10,339 payment_service 5240 12348 Microservice returned error: NextRemitly error: 401
ERROR 2025-06-25 16:18:10,437 views 5240 12348 Payment session creation failed: NextRemitly error: 401
INFO 2025-06-25 16:18:52,806 views 5240 24200 === CREATE DONATION REQUEST ===
INFO 2025-06-25 16:18:52,808 views 5240 24200 Campaign ID: 4
INFO 2025-06-25 16:18:52,809 views 5240 24200 Request data: {'amount': 500, 'donor_email': 'anonymous@sada9a.com', 'donor_name': 'mdvbdsiuv', 'message': '', 'is_anonymous': False}
INFO 2025-06-25 16:18:52,991 views 5240 24200 Campaign found: I am growing an agriculture bussiness updated second time
INFO 2025-06-25 16:18:52,992 views 5240 24200 Validated data: {'amount': Decimal('500.00'), 'donor_email': 'anonymous@sada9a.com', 'donor_name': 'mdvbdsiuv', 'message': '', 'is_anonymous': False}
INFO 2025-06-25 16:18:55,153 views 5240 24200 Created donation record: 24
INFO 2025-06-25 16:18:55,154 payment_service 5240 24200 Creating donation session for campaign 4, amount: 500.0
INFO 2025-06-25 16:19:04,354 payment_service 5240 24200 Donation session created successfully: 11c7bf5e-208c-4c18-b5ce-a3deae34a731
INFO 2025-06-25 16:19:04,443 views 5240 24200 Payment session created successfully: 11c7bf5e-208c-4c18-b5ce-a3deae34a731
INFO 2025-06-25 16:19:22,183 views 5240 24200 === CREATE DONATION REQUEST ===
INFO 2025-06-25 16:19:22,184 views 5240 24200 Campaign ID: 4
INFO 2025-06-25 16:19:22,186 views 5240 24200 Request data: {'amount': 500, 'donor_email': 'anonymous@sada9a.com', 'donor_name': 'mdvbdsiuv', 'message': '', 'is_anonymous': False}
INFO 2025-06-25 16:19:22,380 views 5240 24200 Campaign found: I am growing an agriculture bussiness updated second time
INFO 2025-06-25 16:19:22,382 views 5240 24200 Validated data: {'amount': Decimal('500.00'), 'donor_email': 'anonymous@sada9a.com', 'donor_name': 'mdvbdsiuv', 'message': '', 'is_anonymous': False}
INFO 2025-06-25 16:19:24,602 views 5240 24200 Created donation record: 25
INFO 2025-06-25 16:19:24,604 payment_service 5240 24200 Creating donation session for campaign 4, amount: 500.0
INFO 2025-06-25 16:19:33,075 views 5240 10172 === CREATE DONATION REQUEST ===
INFO 2025-06-25 16:19:33,078 views 5240 10172 Campaign ID: 4
INFO 2025-06-25 16:19:33,079 views 5240 10172 Request data: {'amount': 250, 'donor_email': 'anonymous@sada9a.com', 'donor_name': '', 'message': '', 'is_anonymous': False}
INFO 2025-06-25 16:19:33,226 views 5240 10172 Campaign found: I am growing an agriculture bussiness updated second time
INFO 2025-06-25 16:19:33,226 views 5240 10172 Validated data: {'amount': Decimal('250.00'), 'donor_email': 'anonymous@sada9a.com', 'donor_name': '', 'message': '', 'is_anonymous': False}
INFO 2025-06-25 16:19:33,986 payment_service 5240 24200 Donation session created successfully: 77f728ac-9e7b-48f3-9852-831471bb3bf2
INFO 2025-06-25 16:19:34,078 views 5240 24200 Payment session created successfully: 77f728ac-9e7b-48f3-9852-831471bb3bf2
INFO 2025-06-25 16:19:35,458 views 5240 10172 Created donation record: 26
INFO 2025-06-25 16:19:35,459 payment_service 5240 10172 Creating donation session for campaign 4, amount: 250.0
INFO 2025-06-25 16:19:45,193 payment_service 5240 10172 Donation session created successfully: 8d85711e-17a1-4ecc-9859-0eab8a415856
INFO 2025-06-25 16:19:45,310 views 5240 10172 Payment session created successfully: 8d85711e-17a1-4ecc-9859-0eab8a415856
INFO 2025-06-26 09:53:10,575 serializers 25188 16160 === CAMPAIGN CREATION STARTED ===
INFO 2025-06-26 09:53:10,576 serializers 25188 16160 Request DATA: <QueryDict: {'name': ['jbubui'], 'category': ['2'], 'description': ['k bui'], 'target': ['787.98'], 'facebook_live_url': ['https://www.facebook.com/med.bbh01/videos/1433794851092790/'], 'file_0': [<InMemoryUploadedFile: Screenshot 2025-06-26 095002.png (image/png)>]}>
INFO 2025-06-26 09:53:10,578 serializers 25188 16160 Request FILES: <MultiValueDict: {'file_0': [<InMemoryUploadedFile: Screenshot 2025-06-26 095002.png (image/png)>]}>
INFO 2025-06-26 09:53:10,579 serializers 25188 16160 Validated data: {'name': 'jbubui', 'description': 'k bui', 'category': <Category: Category object (2)>, 'target': Decimal('787.98'), 'featured': False, 'facebook_live_url': 'https://www.facebook.com/med.bbh01/videos/1433794851092790/'}
INFO 2025-06-26 09:53:10,579 serializers 25188 16160 Extracted Facebook video ID: 1433794851092790
INFO 2025-06-26 09:53:10,580 serializers 25188 16160 Creating campaign...
INFO 2025-06-26 09:53:10,665 serializers 25188 16160 Campaign created: ID=19, Name=jbubui
INFO 2025-06-26 09:53:10,666 serializers 25188 16160 Found 1 files to process: ['file_0']
INFO 2025-06-26 09:53:13,894 supabase_storage 25188 16160 Supabase client initialized with URL: https://zzkggackkiir...
INFO 2025-06-26 09:53:13,895 serializers 25188 16160 Processing file file_0: Screenshot 2025-06-26 095002.png, size=301557, content_type=image/png
INFO 2025-06-26 09:53:13,896 serializers 25188 16160 Uploading file Screenshot 2025-06-26 095002.png to Supabase...
INFO 2025-06-26 09:53:15,396 supabase_storage 25188 16160 Successfully connected to Supabase. Available buckets: []
WARNING 2025-06-26 09:53:15,397 supabase_storage 25188 16160 Bucket 'campaign' not found. Available buckets: []
INFO 2025-06-26 09:53:15,398 supabase_storage 25188 16160 Starting upload for file: Screenshot 2025-06-26 095002.png to campaign_19
INFO 2025-06-26 09:53:15,399 supabase_storage 25188 16160 Generated path: campaign_19/c23f52d3-0125-4149-ae36-5656427fd82b.png
INFO 2025-06-26 09:53:15,400 supabase_storage 25188 16160 Read file content, size: 301557 bytes
INFO 2025-06-26 09:53:15,580 supabase_storage 25188 16160 Available buckets: []
WARNING 2025-06-26 09:53:15,582 supabase_storage 25188 16160 Bucket 'campaign' not found in Supabase
INFO 2025-06-26 09:53:15,583 supabase_storage 25188 16160 Uploading file to bucket: campaign, path: campaign_19/c23f52d3-0125-4149-ae36-5656427fd82b.png
INFO 2025-06-26 09:53:16,404 supabase_storage 25188 16160 Upload response: UploadResponse(path='campaign_19/c23f52d3-0125-4149-ae36-5656427fd82b.png', full_path='campaign/campaign_19/c23f52d3-0125-4149-ae36-5656427fd82b.png', fullPath='campaign/campaign_19/c23f52d3-0125-4149-ae36-5656427fd82b.png')
INFO 2025-06-26 09:53:16,405 supabase_storage 25188 16160 Generated public URL: https://zzkggackkiirezhlbuvo.supabase.co/storage/v1/object/public/campaign/campaign_19/c23f52d3-0125-4149-ae36-5656427fd82b.png?
INFO 2025-06-26 09:53:16,405 serializers 25188 16160 SUCCESS: Uploaded Screenshot 2025-06-26 095002.png to https://zzkggackkiirezhlbuvo.supabase.co/storage/v1/object/public/campaign/campaign_19/c23f52d3-0125-4149-ae36-5656427fd82b.png?
INFO 2025-06-26 09:53:16,406 serializers 25188 16160 Creating File DB record...
INFO 2025-06-26 09:53:16,507 serializers 25188 16160 File record created with ID: 12
INFO 2025-06-26 09:53:16,508 serializers 25188 16160 === CAMPAIGN CREATION COMPLETED ===
INFO 2025-06-30 15:24:51,037 views 20724 8068 === CREATE DONATION REQUEST ===
INFO 2025-06-30 15:24:51,039 views 20724 8068 Campaign ID: 4
INFO 2025-06-30 15:24:51,039 views 20724 8068 Request data: {'amount': 1000, 'donor_email': 'anonymous@sada9a.com', 'donor_name': 'med yahya', 'message': 'oirptopok;', 'is_anonymous': False}
INFO 2025-06-30 15:24:51,318 views 20724 8068 Campaign found: I am growing an agriculture bussiness updated second time
INFO 2025-06-30 15:24:51,325 views 20724 8068 Validated data: {'amount': Decimal('1000.00'), 'donor_email': 'anonymous@sada9a.com', 'donor_name': 'med yahya', 'message': 'oirptopok;', 'is_anonymous': False}
INFO 2025-06-30 15:24:53,571 views 20724 8068 Created donation record: 27
INFO 2025-06-30 15:24:53,572 payment_service 20724 8068 Creating donation session for campaign 4, amount: 1000.0
INFO 2025-06-30 15:25:04,228 payment_service 20724 8068 Donation session created successfully: 801eb61e-7b21-4b6b-93a6-3589ccae642a
INFO 2025-06-30 15:25:04,425 views 20724 8068 Payment session created successfully: 801eb61e-7b21-4b6b-93a6-3589ccae642a
INFO 2025-06-30 15:27:36,076 views 20724 11968 === CREATE DONATION REQUEST ===
INFO 2025-06-30 15:27:36,078 views 20724 11968 Campaign ID: 4
INFO 2025-06-30 15:27:36,078 views 20724 11968 Request data: {'amount': 2510, 'donor_email': 'anonymous@sada9a.com', 'donor_name': 'med yahya', 'message': ".klkp'ljhghj", 'is_anonymous': False}
INFO 2025-06-30 15:27:36,366 views 20724 11968 Campaign found: I am growing an agriculture bussiness updated second time
INFO 2025-06-30 15:27:36,368 views 20724 11968 Validated data: {'amount': Decimal('2510.00'), 'donor_email': 'anonymous@sada9a.com', 'donor_name': 'med yahya', 'message': ".klkp'ljhghj", 'is_anonymous': False}
INFO 2025-06-30 15:27:38,638 views 20724 11968 Created donation record: 28
INFO 2025-06-30 15:27:38,639 payment_service 20724 11968 Creating donation session for campaign 4, amount: 2510.0
INFO 2025-06-30 15:27:48,888 payment_service 20724 11968 Donation session created successfully: d7a35e27-67d3-49b9-a0ad-82f597c705d3
INFO 2025-06-30 15:27:49,084 views 20724 11968 Payment session created successfully: d7a35e27-67d3-49b9-a0ad-82f597c705d3
INFO 2025-06-30 15:28:25,948 views 20724 8068 === CREATE DONATION REQUEST ===
INFO 2025-06-30 15:28:25,949 views 20724 8068 Campaign ID: 4
INFO 2025-06-30 15:28:25,950 views 20724 8068 Request data: {'amount': 25, 'donor_email': 'anonymous@sada9a.com', 'donor_name': '', 'message': 'kuoipuogyjfyhkl;', 'is_anonymous': False}
INFO 2025-06-30 15:28:26,354 views 20724 8068 Campaign found: I am growing an agriculture bussiness updated second time
INFO 2025-06-30 15:28:26,356 views 20724 8068 Validated data: {'amount': Decimal('25.00'), 'donor_email': 'anonymous@sada9a.com', 'donor_name': '', 'message': 'kuoipuogyjfyhkl;', 'is_anonymous': False}
INFO 2025-06-30 15:28:28,610 views 20724 8068 Created donation record: 29
INFO 2025-06-30 15:28:28,611 payment_service 20724 8068 Creating donation session for campaign 4, amount: 25.0
INFO 2025-06-30 15:28:38,859 payment_service 20724 8068 Donation session created successfully: 5f718f76-c321-46d9-a757-63fc06410b1e
INFO 2025-06-30 15:28:39,053 views 20724 8068 Payment session created successfully: 5f718f76-c321-46d9-a757-63fc06410b1e
INFO 2025-07-04 13:10:30,002 views 19768 11568 === CREATE DONATION REQUEST ===
INFO 2025-07-04 13:10:30,004 views 19768 11568 Campaign ID: 19
INFO 2025-07-04 13:10:30,005 views 19768 11568 Request data: {'amount': 250, 'donor_email': 'anonymous@sada9a.com', 'donor_name': '', 'message': '', 'is_anonymous': False}
INFO 2025-07-04 13:10:30,309 views 19768 11568 Campaign found: jbubui
INFO 2025-07-04 13:10:30,315 views 19768 11568 Validated data: {'amount': Decimal('250.00'), 'donor_email': 'anonymous@sada9a.com', 'donor_name': '', 'message': '', 'is_anonymous': False}
INFO 2025-07-04 13:10:32,564 views 19768 11568 Created donation record: 30
INFO 2025-07-04 13:10:32,564 payment_service 19768 11568 Creating donation session for campaign 19, amount: 250.0
ERROR 2025-07-04 13:10:41,767 payment_service 19768 11568 Microservice returned error: NextRemitly error: 400
ERROR 2025-07-04 13:10:41,879 views 19768 11568 Payment session creation failed: NextRemitly error: 400
INFO 2025-07-04 13:17:16,948 views 19768 17056 === CREATE DONATION REQUEST ===
INFO 2025-07-04 13:17:16,949 views 19768 17056 Campaign ID: 19
INFO 2025-07-04 13:17:16,950 views 19768 17056 Request data: {'amount': 250, 'donor_email': 'anonymous@sada9a.com', 'donor_name': '', 'message': '', 'is_anonymous': False}
INFO 2025-07-04 13:17:17,145 views 19768 17056 Campaign found: jbubui
INFO 2025-07-04 13:17:17,147 views 19768 17056 Validated data: {'amount': Decimal('250.00'), 'donor_email': 'anonymous@sada9a.com', 'donor_name': '', 'message': '', 'is_anonymous': False}
INFO 2025-07-04 13:17:19,308 views 19768 17056 Created donation record: 31
INFO 2025-07-04 13:17:19,310 payment_service 19768 17056 Creating donation session for campaign 19, amount: 250.0
INFO 2025-07-04 13:17:32,495 payment_service 19768 17056 Donation session created successfully: 8470b145-e5db-4361-9189-9ebe1e24bc06
INFO 2025-07-04 13:17:32,606 views 19768 17056 Payment session created successfully: 8470b145-e5db-4361-9189-9ebe1e24bc06
INFO 2025-07-04 13:26:42,178 views 412 9032 === CREATE DONATION REQUEST ===
INFO 2025-07-04 13:26:42,179 views 412 9032 Campaign ID: 19
INFO 2025-07-04 13:26:42,180 views 412 9032 Request data: {'amount': 25, 'donor_email': 'anonymous@sada9a.com', 'donor_name': '', 'message': '', 'is_anonymous': False}
INFO 2025-07-04 13:26:42,488 views 412 9032 Campaign found: jbubui
INFO 2025-07-04 13:26:42,494 views 412 9032 Validated data: {'amount': Decimal('25.00'), 'donor_email': 'anonymous@sada9a.com', 'donor_name': '', 'message': '', 'is_anonymous': False}
INFO 2025-07-04 13:26:44,750 views 412 9032 Created donation record: 32
INFO 2025-07-04 13:26:44,750 payment_service 412 9032 Creating donation session for campaign 19, amount: 25.0
INFO 2025-07-04 13:26:57,324 payment_service 412 9032 Donation session created successfully: bab36fbf-04e2-4bf6-bc22-170561b3ee23
INFO 2025-07-04 13:26:57,486 views 412 9032 Payment session created successfully: bab36fbf-04e2-4bf6-bc22-170561b3ee23
INFO 2025-07-04 13:29:49,054 views 25288 10524 === CREATE DONATION REQUEST ===
INFO 2025-07-04 13:29:49,054 views 25288 10524 Campaign ID: 19
INFO 2025-07-04 13:29:49,055 views 25288 10524 Request data: {'amount': 2400, 'donor_email': 'anonymous@sada9a.com', 'donor_name': '', 'message': '', 'is_anonymous': False}
INFO 2025-07-04 13:29:49,227 views 25288 10524 Campaign found: jbubui
INFO 2025-07-04 13:29:49,232 views 25288 10524 Validated data: {'amount': Decimal('2400.00'), 'donor_email': 'anonymous@sada9a.com', 'donor_name': '', 'message': '', 'is_anonymous': False}
INFO 2025-07-04 13:29:51,518 views 25288 10524 Created donation record: 33
INFO 2025-07-04 13:29:51,519 payment_service 25288 10524 Creating donation session for campaign 19, amount: 2400.0
INFO 2025-07-04 13:30:04,222 payment_service 25288 10524 Donation session created successfully: e8291ba4-d37b-43eb-ac2f-cabf1c2ce001
INFO 2025-07-04 13:30:04,419 views 25288 10524 Payment session created successfully: e8291ba4-d37b-43eb-ac2f-cabf1c2ce001
INFO 2025-07-04 14:34:20,649 views 9628 2912 === CREATE DONATION REQUEST ===
INFO 2025-07-04 14:34:20,650 views 9628 2912 Campaign ID: 3
INFO 2025-07-04 14:34:20,650 views 9628 2912 Request data: {'amount': 25000, 'donor_email': 'anonymous@sada9a.com', 'donor_name': '', 'message': '', 'is_anonymous': True}
INFO 2025-07-04 14:34:20,839 views 9628 2912 Campaign found: test 1
INFO 2025-07-04 14:34:20,845 views 9628 2912 Validated data: {'amount': Decimal('25000.00'), 'donor_email': 'anonymous@sada9a.com', 'donor_name': '', 'message': '', 'is_anonymous': True}
INFO 2025-07-04 14:34:23,026 views 9628 2912 Created donation record: 34
INFO 2025-07-04 14:34:23,027 payment_service 9628 2912 Creating donation session for campaign 3, amount: 25000.0
INFO 2025-07-04 14:34:35,932 payment_service 9628 2912 Donation session created successfully: f519d06a-8c52-470c-81af-10bdca9344ae
INFO 2025-07-04 14:34:36,023 views 9628 2912 Payment session created successfully: f519d06a-8c52-470c-81af-10bdca9344ae
INFO 2025-07-04 15:01:41,283 views 23020 3460 === CREATE DONATION REQUEST ===
INFO 2025-07-04 15:01:41,284 views 23020 3460 Campaign ID: 3
INFO 2025-07-04 15:01:41,286 views 23020 3460 Request data: {'amount': 100, 'donor_email': 'anonymous@sada9a.com', 'donor_name': '', 'message': '', 'is_anonymous': False}
INFO 2025-07-04 15:01:41,468 views 23020 3460 Campaign found: test 1
INFO 2025-07-04 15:01:41,474 views 23020 3460 Validated data: {'amount': Decimal('100.00'), 'donor_email': 'anonymous@sada9a.com', 'donor_name': '', 'message': '', 'is_anonymous': False}
INFO 2025-07-04 15:01:43,638 views 23020 3460 Created donation record: 35
INFO 2025-07-04 15:01:43,639 payment_service 23020 3460 Creating donation session for campaign 3, amount: 100.0
INFO 2025-07-04 15:01:55,858 payment_service 23020 3460 Donation session created successfully: 78db2e43-595d-4b28-bcba-696b93e9836a
INFO 2025-07-04 15:01:56,063 views 23020 3460 Payment session created successfully: 78db2e43-595d-4b28-bcba-696b93e9836a
INFO 2025-07-04 15:18:13,195 views 13452 22868 === CREATE DONATION REQUEST ===
INFO 2025-07-04 15:18:13,196 views 13452 22868 Campaign ID: 3
INFO 2025-07-04 15:18:13,197 views 13452 22868 Request data: {'amount': 25, 'donor_email': 'anonymous@sada9a.com', 'donor_name': '', 'message': '', 'is_anonymous': False}
INFO 2025-07-04 15:18:13,402 views 13452 22868 Campaign found: test 1
INFO 2025-07-04 15:18:13,408 views 13452 22868 Validated data: {'amount': Decimal('25.00'), 'donor_email': 'anonymous@sada9a.com', 'donor_name': '', 'message': '', 'is_anonymous': False}
INFO 2025-07-04 15:18:15,582 views 13452 22868 Created donation record: 36
INFO 2025-07-04 15:18:15,582 payment_service 13452 22868 Creating donation session for campaign 3, amount: 25.0
INFO 2025-07-04 15:18:27,538 payment_service 13452 22868 Donation session created successfully: 0f868fcc-7c1d-458a-b9f0-234ab910db53
INFO 2025-07-04 15:18:27,647 views 13452 22868 Payment session created successfully: 0f868fcc-7c1d-458a-b9f0-234ab910db53
INFO 2025-07-09 11:04:10,365 views 2980 14444 === CREATE DONATION REQUEST ===
INFO 2025-07-09 11:04:10,366 views 2980 14444 Campaign ID: 4
INFO 2025-07-09 11:04:10,368 views 2980 14444 Request data: {'amount': 25, 'donor_email': 'anonymous@sada9a.com', 'donor_name': '', 'message': '', 'is_anonymous': False}
INFO 2025-07-09 11:04:10,673 views 2980 14444 Campaign found: I am growing an agriculture bussiness updated second time
INFO 2025-07-09 11:04:10,682 views 2980 14444 Validated data: {'amount': Decimal('25.00'), 'donor_email': 'anonymous@sada9a.com', 'donor_name': '', 'message': '', 'is_anonymous': False}
ERROR 2025-07-09 11:04:14,797 views 2980 14444 Payment microservice is not healthy
INFO 2025-07-09 12:14:46,205 serializers 2980 18688 === CAMPAIGN UPDATE STARTED ===
INFO 2025-07-09 12:14:46,207 serializers 2980 18688 Request DATA: <QueryDict: {'name': ['I am growing an agriculture bussiness'], 'description': ['Help us start an agriculture bussiness for poor people in the rosso'], 'target': ['300000.00'], 'category': ['2'], 'file_0': [<InMemoryUploadedFile: rim.png (image/png)>]}>
INFO 2025-07-09 12:14:46,207 serializers 2980 18688 Request FILES: <MultiValueDict: {'file_0': [<InMemoryUploadedFile: rim.png (image/png)>]}>
INFO 2025-07-09 12:14:46,207 serializers 2980 18688 Request FILES keys: ['file_0']
INFO 2025-07-09 12:14:46,207 serializers 2980 18688 Files to delete: []
INFO 2025-07-09 12:14:46,207 serializers 2980 18688 Found 1 new files to process: ['file_0']
INFO 2025-07-09 12:14:47,413 supabase_storage 2980 18688 Supabase client initialized with URL: https://zzkggackkiir...
INFO 2025-07-09 12:14:47,413 serializers 2980 18688 Processing file file_0: rim.png, size=373981, content_type=image/png
INFO 2025-07-09 12:14:47,413 serializers 2980 18688 Uploading file rim.png to Supabase...
INFO 2025-07-09 12:14:48,466 supabase_storage 2980 18688 Successfully connected to Supabase. Available buckets: []
WARNING 2025-07-09 12:14:48,467 supabase_storage 2980 18688 Bucket 'campaign' not found. Available buckets: []
INFO 2025-07-09 12:14:48,467 supabase_storage 2980 18688 Starting upload for file: rim.png to campaign_4
INFO 2025-07-09 12:14:48,468 supabase_storage 2980 18688 Generated path: campaign_4/56641d0c-5a9d-4b43-9642-56d19152dae4.png
INFO 2025-07-09 12:14:48,469 supabase_storage 2980 18688 Read file content, size: 373981 bytes
INFO 2025-07-09 12:14:48,668 supabase_storage 2980 18688 Available buckets: []
WARNING 2025-07-09 12:14:48,669 supabase_storage 2980 18688 Bucket 'campaign' not found in Supabase
INFO 2025-07-09 12:14:48,669 supabase_storage 2980 18688 Uploading file to bucket: campaign, path: campaign_4/56641d0c-5a9d-4b43-9642-56d19152dae4.png
INFO 2025-07-09 12:14:50,063 supabase_storage 2980 18688 Upload response: UploadResponse(path='campaign_4/56641d0c-5a9d-4b43-9642-56d19152dae4.png', full_path='campaign/campaign_4/56641d0c-5a9d-4b43-9642-56d19152dae4.png', fullPath='campaign/campaign_4/56641d0c-5a9d-4b43-9642-56d19152dae4.png')
INFO 2025-07-09 12:14:50,064 supabase_storage 2980 18688 Generated public URL: https://zzkggackkiirezhlbuvo.supabase.co/storage/v1/object/public/campaign/campaign_4/56641d0c-5a9d-4b43-9642-56d19152dae4.png?
INFO 2025-07-09 12:14:50,064 serializers 2980 18688 SUCCESS: Uploaded rim.png to https://zzkggackkiirezhlbuvo.supabase.co/storage/v1/object/public/campaign/campaign_4/56641d0c-5a9d-4b43-9642-56d19152dae4.png?
INFO 2025-07-09 12:14:50,065 serializers 2980 18688 File path: campaign_4/56641d0c-5a9d-4b43-9642-56d19152dae4.png
INFO 2025-07-09 12:14:50,165 serializers 2980 18688 File record created with ID: 13
INFO 2025-07-09 12:14:50,165 serializers 2980 18688 Upload summary: 1 successful, 0 failed
INFO 2025-07-09 12:14:50,255 serializers 2980 18688 === CAMPAIGN UPDATE COMPLETED ===
INFO 2025-07-09 14:35:44,282 serializers 2980 4624 === CAMPAIGN UPDATE STARTED ===
INFO 2025-07-09 14:35:44,284 serializers 2980 4624 Request DATA: <QueryDict: {'name': ['I am growing an agriculture bussiness'], 'description': ['Help us start an agriculture bussiness for poor people in the rosso'], 'target': ['300000.00'], 'category': ['2'], 'file_0': [<InMemoryUploadedFile: agriculture.jpg (image/jpeg)>]}>
INFO 2025-07-09 14:35:44,285 serializers 2980 4624 Request FILES: <MultiValueDict: {'file_0': [<InMemoryUploadedFile: agriculture.jpg (image/jpeg)>]}>
INFO 2025-07-09 14:35:44,285 serializers 2980 4624 Request FILES keys: ['file_0']
INFO 2025-07-09 14:35:44,286 serializers 2980 4624 Files to delete: []
INFO 2025-07-09 14:35:44,286 serializers 2980 4624 Found 1 new files to process: ['file_0']
INFO 2025-07-09 14:35:44,287 serializers 2980 4624 Processing file file_0: agriculture.jpg, size=61017, content_type=image/jpeg
INFO 2025-07-09 14:35:44,287 serializers 2980 4624 Uploading file agriculture.jpg to Supabase...
INFO 2025-07-09 14:35:44,859 supabase_storage 2980 4624 Successfully connected to Supabase. Available buckets: []
WARNING 2025-07-09 14:35:44,860 supabase_storage 2980 4624 Bucket 'campaign' not found. Available buckets: []
INFO 2025-07-09 14:35:44,860 supabase_storage 2980 4624 Starting upload for file: agriculture.jpg to campaign_4
INFO 2025-07-09 14:35:44,861 supabase_storage 2980 4624 Generated path: campaign_4/b7e04f48-8853-4996-8bb5-4a973579f7f3.jpg
INFO 2025-07-09 14:35:44,861 supabase_storage 2980 4624 Read file content, size: 61017 bytes
INFO 2025-07-09 14:35:44,998 supabase_storage 2980 4624 Available buckets: []
WARNING 2025-07-09 14:35:44,999 supabase_storage 2980 4624 Bucket 'campaign' not found in Supabase
INFO 2025-07-09 14:35:45,000 supabase_storage 2980 4624 Uploading file to bucket: campaign, path: campaign_4/b7e04f48-8853-4996-8bb5-4a973579f7f3.jpg
INFO 2025-07-09 14:35:45,433 supabase_storage 2980 4624 Upload response: UploadResponse(path='campaign_4/b7e04f48-8853-4996-8bb5-4a973579f7f3.jpg', full_path='campaign/campaign_4/b7e04f48-8853-4996-8bb5-4a973579f7f3.jpg', fullPath='campaign/campaign_4/b7e04f48-8853-4996-8bb5-4a973579f7f3.jpg')
INFO 2025-07-09 14:35:45,433 supabase_storage 2980 4624 Generated public URL: https://zzkggackkiirezhlbuvo.supabase.co/storage/v1/object/public/campaign/campaign_4/b7e04f48-8853-4996-8bb5-4a973579f7f3.jpg?
INFO 2025-07-09 14:35:45,435 serializers 2980 4624 SUCCESS: Uploaded agriculture.jpg to https://zzkggackkiirezhlbuvo.supabase.co/storage/v1/object/public/campaign/campaign_4/b7e04f48-8853-4996-8bb5-4a973579f7f3.jpg?
INFO 2025-07-09 14:35:45,435 serializers 2980 4624 File path: campaign_4/b7e04f48-8853-4996-8bb5-4a973579f7f3.jpg
INFO 2025-07-09 14:35:45,522 serializers 2980 4624 File record created with ID: 14
INFO 2025-07-09 14:35:45,523 serializers 2980 4624 Upload summary: 1 successful, 0 failed
INFO 2025-07-09 14:35:45,619 serializers 2980 4624 === CAMPAIGN UPDATE COMPLETED ===
INFO 2025-07-09 15:17:00,295 serializers 2980 7648 === CAMPAIGN UPDATE STARTED ===
INFO 2025-07-09 15:17:00,296 serializers 2980 7648 Request DATA: <QueryDict: {'name': ['I am growing an agriculture bussiness'], 'description': ['Help us start an agriculture bussiness for poor people in the rosso'], 'target': ['300000.00'], 'category': ['2'], 'files_to_delete': ['[9,11]']}>
INFO 2025-07-09 15:17:00,297 serializers 2980 7648 Request FILES: <MultiValueDict: {}>
INFO 2025-07-09 15:17:00,298 serializers 2980 7648 Request FILES keys: []
INFO 2025-07-09 15:17:00,298 serializers 2980 7648 Files to delete: ['[9,11]']
INFO 2025-07-09 15:17:00,299 serializers 2980 7648 Attempting to delete file with URL: [9,11]
WARNING 2025-07-09 15:17:00,500 serializers 2980 7648 File with URL [9,11] not found in database
INFO 2025-07-09 15:17:00,501 serializers 2980 7648 Found 0 new files to process: []
INFO 2025-07-09 15:17:00,708 serializers 2980 7648 === CAMPAIGN UPDATE COMPLETED ===
INFO 2025-07-09 15:18:10,284 serializers 2980 19204 === CAMPAIGN UPDATE STARTED ===
INFO 2025-07-09 15:18:10,285 serializers 2980 19204 Request DATA: <QueryDict: {'name': ['I am growing an agriculture bussiness'], 'description': ['Help us start an agriculture bussiness for poor people in the rosso'], 'target': ['300000.00'], 'category': ['2'], 'files_to_delete': ['[11]']}>
INFO 2025-07-09 15:18:10,285 serializers 2980 19204 Request FILES: <MultiValueDict: {}>
INFO 2025-07-09 15:18:10,286 serializers 2980 19204 Request FILES keys: []
INFO 2025-07-09 15:18:10,286 serializers 2980 19204 Files to delete: ['[11]']
INFO 2025-07-09 15:18:10,286 serializers 2980 19204 Attempting to delete file with URL: [11]
WARNING 2025-07-09 15:18:10,439 serializers 2980 19204 File with URL [11] not found in database
INFO 2025-07-09 15:18:10,440 serializers 2980 19204 Found 0 new files to process: []
INFO 2025-07-09 15:18:10,646 serializers 2980 19204 === CAMPAIGN UPDATE COMPLETED ===
INFO 2025-07-09 15:23:48,666 serializers 2980 6672 === CAMPAIGN UPDATE STARTED ===
INFO 2025-07-09 15:23:48,667 serializers 2980 6672 Request DATA: <QueryDict: {'name': ['I am growing an agriculture bussiness'], 'description': ['Help us start an agriculture bussiness for poor people in the rosso'], 'target': ['300000.00'], 'category': ['2'], 'files_to_delete': ['[11]']}>
INFO 2025-07-09 15:23:48,668 serializers 2980 6672 Request FILES: <MultiValueDict: {}>
INFO 2025-07-09 15:23:48,668 serializers 2980 6672 Request FILES keys: []
INFO 2025-07-09 15:23:48,669 serializers 2980 6672 Files to delete: ['[11]']
INFO 2025-07-09 15:23:48,669 serializers 2980 6672 Attempting to delete file with URL: [11]
WARNING 2025-07-09 15:23:48,868 serializers 2980 6672 File with URL [11] not found in database
INFO 2025-07-09 15:23:48,869 serializers 2980 6672 Found 0 new files to process: []
INFO 2025-07-09 15:23:49,073 serializers 2980 6672 === CAMPAIGN UPDATE COMPLETED ===
INFO 2025-07-10 10:11:50,983 serializers 11412 20232 === CAMPAIGN UPDATE STARTED ===
INFO 2025-07-10 10:11:50,986 serializers 11412 20232 Request DATA: <QueryDict: {'name': ['I am growing an agriculture bussiness'], 'description': ['Help us start an agriculture bussiness for poor people in the rosso'], 'target': ['300000.00'], 'category': ['2'], 'files_to_delete': ['https://zzkggackkiirezhlbuvo.supabase.co/storage/v1/object/public/campaign/campaign_4/6ed3555d-e0fc-470b-93b2-ddc5623da237.png?', 'https://zzkggackkiirezhlbuvo.supabase.co/storage/v1/object/public/campaign/campaign_4/56641d0c-5a9d-4b43-9642-56d19152dae4.png?']}>
INFO 2025-07-10 10:11:50,987 serializers 11412 20232 Request FILES: <MultiValueDict: {}>
INFO 2025-07-10 10:11:50,987 serializers 11412 20232 Request FILES keys: []
INFO 2025-07-10 10:11:50,995 serializers 11412 20232 Files to delete: ['https://zzkggackkiirezhlbuvo.supabase.co/storage/v1/object/public/campaign/campaign_4/6ed3555d-e0fc-470b-93b2-ddc5623da237.png?', 'https://zzkggackkiirezhlbuvo.supabase.co/storage/v1/object/public/campaign/campaign_4/56641d0c-5a9d-4b43-9642-56d19152dae4.png?']
INFO 2025-07-10 10:11:53,658 supabase_storage 11412 20232 Supabase client initialized with URL: https://zzkggackkiir...
INFO 2025-07-10 10:11:53,658 serializers 11412 20232 Attempting to delete file with URL: https://zzkggackkiirezhlbuvo.supabase.co/storage/v1/object/public/campaign/campaign_4/6ed3555d-e0fc-470b-93b2-ddc5623da237.png?
INFO 2025-07-10 10:11:53,848 serializers 11412 20232 Found file to delete: Screenshot 2025-05-29 161945.png
INFO 2025-07-10 10:11:53,850 supabase_storage 11412 20232 Deleting file: campaign_4/6ed3555d-e0fc-470b-93b2-ddc5623da237.png
INFO 2025-07-10 10:11:55,496 supabase_storage 11412 20232 Successfully deleted file: campaign_4/6ed3555d-e0fc-470b-93b2-ddc5623da237.png
INFO 2025-07-10 10:11:55,498 supabase_storage 11412 20232 Deleting file: campaign_4/6ed3555d-e0fc-470b-93b2-ddc5623da237.png
INFO 2025-07-10 10:11:55,797 supabase_storage 11412 20232 Successfully deleted file: campaign_4/6ed3555d-e0fc-470b-93b2-ddc5623da237.png
INFO 2025-07-10 10:11:56,001 serializers 11412 20232 Successfully deleted file: Screenshot 2025-05-29 161945.png
INFO 2025-07-10 10:11:56,002 serializers 11412 20232 Attempting to delete file with URL: https://zzkggackkiirezhlbuvo.supabase.co/storage/v1/object/public/campaign/campaign_4/56641d0c-5a9d-4b43-9642-56d19152dae4.png?
INFO 2025-07-10 10:11:56,205 serializers 11412 20232 Found file to delete: rim.png
INFO 2025-07-10 10:11:56,207 supabase_storage 11412 20232 Deleting file: campaign_4/56641d0c-5a9d-4b43-9642-56d19152dae4.png
INFO 2025-07-10 10:11:56,513 supabase_storage 11412 20232 Successfully deleted file: campaign_4/56641d0c-5a9d-4b43-9642-56d19152dae4.png
INFO 2025-07-10 10:11:56,514 supabase_storage 11412 20232 Deleting file: campaign_4/56641d0c-5a9d-4b43-9642-56d19152dae4.png
INFO 2025-07-10 10:11:56,717 supabase_storage 11412 20232 Successfully deleted file: campaign_4/56641d0c-5a9d-4b43-9642-56d19152dae4.png
INFO 2025-07-10 10:11:56,920 serializers 11412 20232 Successfully deleted file: rim.png
INFO 2025-07-10 10:11:56,921 serializers 11412 20232 Found 0 new files to process: []
INFO 2025-07-10 10:11:57,008 serializers 11412 20232 === CAMPAIGN UPDATE COMPLETED ===
INFO 2025-07-10 10:54:39,976 serializers 21232 6684 === CAMPAIGN UPDATE STARTED ===
INFO 2025-07-10 10:54:39,978 serializers 21232 6684 Request DATA: <QueryDict: {'name': ['I am growing an agriculture bussiness'], 'description': ['Help us start an agriculture bussiness for poor people in the rosso'], 'target': ['300000.00'], 'category': ['2'], 'files_to_delete': ['https://zzkggackkiirezhlbuvo.supabase.co/storage/v1/object/public/campaign/campaign_4/b7e04f48-8853-4996-8bb5-4a973579f7f3.jpg?']}>
INFO 2025-07-10 10:54:39,978 serializers 21232 6684 Request FILES: <MultiValueDict: {}>
INFO 2025-07-10 10:54:39,979 serializers 21232 6684 Request FILES keys: []
INFO 2025-07-10 10:54:39,980 serializers 21232 6684 Files to delete: ['https://zzkggackkiirezhlbuvo.supabase.co/storage/v1/object/public/campaign/campaign_4/b7e04f48-8853-4996-8bb5-4a973579f7f3.jpg?']
INFO 2025-07-10 10:54:42,658 supabase_storage 21232 6684 Supabase client initialized with URL: https://zzkggackkiir...
INFO 2025-07-10 10:54:42,659 serializers 21232 6684 Attempting to delete file with URL: https://zzkggackkiirezhlbuvo.supabase.co/storage/v1/object/public/campaign/campaign_4/b7e04f48-8853-4996-8bb5-4a973579f7f3.jpg?
INFO 2025-07-10 10:54:42,748 serializers 21232 6684 Found file to delete: agriculture.jpg
INFO 2025-07-10 10:54:42,749 serializers 21232 6684 File path: campaign_4/b7e04f48-8853-4996-8bb5-4a973579f7f3.jpg
INFO 2025-07-10 10:54:42,749 serializers 21232 6684 File URL: https://zzkggackkiirezhlbuvo.supabase.co/storage/v1/object/public/campaign/campaign_4/b7e04f48-8853-4996-8bb5-4a973579f7f3.jpg?
INFO 2025-07-10 10:54:42,751 serializers 21232 6684 Attempting deletion with path: campaign_4/b7e04f48-8853-4996-8bb5-4a973579f7f3.jpg
INFO 2025-07-10 10:54:42,751 supabase_storage 21232 6684 Deleting file: campaign_4/b7e04f48-8853-4996-8bb5-4a973579f7f3.jpg
INFO 2025-07-10 10:54:44,071 supabase_storage 21232 6684 Successfully deleted file: campaign_4/b7e04f48-8853-4996-8bb5-4a973579f7f3.jpg
INFO 2025-07-10 10:54:44,072 serializers 21232 6684 Storage deletion successful, removing from database
INFO 2025-07-10 10:54:44,073 supabase_storage 21232 6684 Deleting file: campaign_4/b7e04f48-8853-4996-8bb5-4a973579f7f3.jpg
INFO 2025-07-10 10:54:44,238 supabase_storage 21232 6684 Successfully deleted file: campaign_4/b7e04f48-8853-4996-8bb5-4a973579f7f3.jpg
INFO 2025-07-10 10:54:44,380 serializers 21232 6684 Found 0 new files to process: []
INFO 2025-07-10 10:54:44,586 serializers 21232 6684 === CAMPAIGN UPDATE COMPLETED ===
INFO 2025-08-06 09:43:28,952 serializers 19084 11632 === CAMPAIGN CREATION STARTED ===
INFO 2025-08-06 09:43:29,308 serializers 19084 11632 Request FILES: <MultiValueDict: {'file_0': [<InMemoryUploadedFile: WhatsApp Image 2025-06-03 at 17.45.26.jpeg (image/jpeg)>]}>
INFO 2025-08-06 09:43:29,351 serializers 19084 11632 Creating campaign...
INFO 2025-08-06 09:43:29,543 serializers 19084 11632 Found 1 files to process: ['file_0']
INFO 2025-08-06 09:43:32,484 supabase_storage 19084 11632 Supabase client initialized with URL: https://zzkggackkiir...
INFO 2025-08-06 09:43:32,485 serializers 19084 11632 Processing file file_0: WhatsApp Image 2025-06-03 at 17.45.26.jpeg, size=72764, content_type=image/jpeg
INFO 2025-08-06 09:43:32,486 serializers 19084 11632 Uploading file WhatsApp Image 2025-06-03 at 17.45.26.jpeg to Supabase...
INFO 2025-08-06 09:43:34,124 supabase_storage 19084 11632 Successfully connected to Supabase. Available buckets: []
WARNING 2025-08-06 09:43:34,125 supabase_storage 19084 11632 Bucket 'campaign' not found. Available buckets: []
INFO 2025-08-06 09:43:34,125 supabase_storage 19084 11632 Starting upload for file: WhatsApp Image 2025-06-03 at 17.45.26.jpeg to campaign_20
INFO 2025-08-06 09:43:34,127 supabase_storage 19084 11632 Generated path: campaign_20/aa4fa59f-c525-4faf-a12b-4a71685d9bbf.jpeg
INFO 2025-08-06 09:43:34,127 supabase_storage 19084 11632 Read file content, size: 72764 bytes
INFO 2025-08-06 09:43:34,325 supabase_storage 19084 11632 Available buckets: []
WARNING 2025-08-06 09:43:34,327 supabase_storage 19084 11632 Bucket 'campaign' not found in Supabase
INFO 2025-08-06 09:43:34,328 supabase_storage 19084 11632 Uploading file to bucket: campaign, path: campaign_20/aa4fa59f-c525-4faf-a12b-4a71685d9bbf.jpeg
INFO 2025-08-06 09:43:34,837 supabase_storage 19084 11632 Upload response: UploadResponse(path='campaign_20/aa4fa59f-c525-4faf-a12b-4a71685d9bbf.jpeg', full_path='campaign/campaign_20/aa4fa59f-c525-4faf-a12b-4a71685d9bbf.jpeg', fullPath='campaign/campaign_20/aa4fa59f-c525-4faf-a12b-4a71685d9bbf.jpeg')
INFO 2025-08-06 09:43:34,838 supabase_storage 19084 11632 Generated public URL: https://zzkggackkiirezhlbuvo.supabase.co/storage/v1/object/public/campaign/campaign_20/aa4fa59f-c525-4faf-a12b-4a71685d9bbf.jpeg?
INFO 2025-08-06 09:43:34,839 serializers 19084 11632 SUCCESS: Uploaded WhatsApp Image 2025-06-03 at 17.45.26.jpeg to https://zzkggackkiirezhlbuvo.supabase.co/storage/v1/object/public/campaign/campaign_20/aa4fa59f-c525-4faf-a12b-4a71685d9bbf.jpeg?
INFO 2025-08-06 09:43:34,840 serializers 19084 11632 Creating File DB record...
INFO 2025-08-06 09:43:35,036 serializers 19084 11632 File record created with ID: 15
INFO 2025-08-06 09:43:35,040 serializers 19084 11632 === CAMPAIGN CREATION COMPLETED ===
INFO 2025-08-06 11:00:04,771 serializers 19084 2768 === CAMPAIGN UPDATE STARTED ===
INFO 2025-08-06 11:00:04,781 serializers 19084 2768 Request FILES: <MultiValueDict: {'file_0': [<InMemoryUploadedFile: OIP.webp (image/webp)>]}>
INFO 2025-08-06 11:00:04,782 serializers 19084 2768 Request FILES keys: ['file_0']
INFO 2025-08-06 11:00:04,782 serializers 19084 2768 Files to delete: []
INFO 2025-08-06 11:00:04,783 serializers 19084 2768 Found 1 new files to process: ['file_0']
INFO 2025-08-06 11:00:04,783 serializers 19084 2768 Processing file file_0: OIP.webp, size=17738, content_type=image/webp
INFO 2025-08-06 11:00:04,784 serializers 19084 2768 Uploading file OIP.webp to Supabase...
INFO 2025-08-06 11:00:05,290 supabase_storage 19084 2768 Successfully connected to Supabase. Available buckets: []
WARNING 2025-08-06 11:00:05,291 supabase_storage 19084 2768 Bucket 'campaign' not found. Available buckets: []
INFO 2025-08-06 11:00:05,291 supabase_storage 19084 2768 Starting upload for file: OIP.webp to campaign_20
INFO 2025-08-06 11:00:05,292 supabase_storage 19084 2768 Generated path: campaign_20/04d30d01-5794-458f-add4-ac1693959548.webp
INFO 2025-08-06 11:00:05,292 supabase_storage 19084 2768 Read file content, size: 17738 bytes
INFO 2025-08-06 11:00:05,597 supabase_storage 19084 2768 Available buckets: []
WARNING 2025-08-06 11:00:05,598 supabase_storage 19084 2768 Bucket 'campaign' not found in Supabase
INFO 2025-08-06 11:00:05,598 supabase_storage 19084 2768 Uploading file to bucket: campaign, path: campaign_20/04d30d01-5794-458f-add4-ac1693959548.webp
INFO 2025-08-06 11:00:06,414 supabase_storage 19084 2768 Upload response: UploadResponse(path='campaign_20/04d30d01-5794-458f-add4-ac1693959548.webp', full_path='campaign/campaign_20/04d30d01-5794-458f-add4-ac1693959548.webp', fullPath='campaign/campaign_20/04d30d01-5794-458f-add4-ac1693959548.webp')
INFO 2025-08-06 11:00:06,416 supabase_storage 19084 2768 Generated public URL: https://zzkggackkiirezhlbuvo.supabase.co/storage/v1/object/public/campaign/campaign_20/04d30d01-5794-458f-add4-ac1693959548.webp?
INFO 2025-08-06 11:00:06,416 serializers 19084 2768 SUCCESS: Uploaded OIP.webp to https://zzkggackkiirezhlbuvo.supabase.co/storage/v1/object/public/campaign/campaign_20/04d30d01-5794-458f-add4-ac1693959548.webp?
INFO 2025-08-06 11:00:06,417 serializers 19084 2768 File path: campaign_20/04d30d01-5794-458f-add4-ac1693959548.webp
INFO 2025-08-06 11:00:06,544 serializers 19084 2768 File record created with ID: 16
INFO 2025-08-06 11:00:06,546 serializers 19084 2768 Upload summary: 1 successful, 0 failed
INFO 2025-08-06 11:00:06,721 serializers 19084 2768 === CAMPAIGN UPDATE COMPLETED ===
